<?xml version="1.0" encoding="UTF-8"?>
<!-- Generated by org.testng.reporters.JUnitReportReporter -->
<testsuite hostname="DESKTOP-AKGR4NQ" failures="0" tests="1" name="student_runner.StudentQ2_runner" time="4.321" errors="0" timestamp="2021-01-26T20:27:46 MST" skipped="0">
  <testcase classname="student_runner.StudentQ2_runner" name="feature" time="4.321"/>
</testsuite> <!-- student_runner.StudentQ2_runner -->
